<?xml version="1.0" encoding="UTF-8"?>
<testsuites name="Mocha Tests" time="3.291" tests="1" failures="0">
  <testsuite name="Root Suite" timestamp="2025-11-09T19:34:10" tests="0" file="cypress\e2e\LoadPagina.cy.js" time="0.000" failures="0">
  </testsuite>
  <testsuite name="Prueba de carga de página" timestamp="2025-11-09T19:34:10" tests="1" time="3.290" failures="0">
    <testcase name="Prueba de carga de página Carga correctamente la página" time="1.351" classname="Carga correctamente la página">
    </testcase>
  </testsuite>
</testsuites>