<?xml version="1.0" encoding="UTF-8"?>
<testsuites name="Mocha Tests" time="2.624" tests="1" failures="0">
  <testsuite name="Root Suite" timestamp="2025-11-09T19:34:15" tests="0" file="cypress\e2e\Login.cy.js" time="0.000" failures="0">
  </testsuite>
  <testsuite name="Prueba de Login" timestamp="2025-11-09T19:34:15" tests="1" time="2.623" failures="0">
    <testcase name="Prueba de Login El login es exitoso" time="1.144" classname="El login es exitoso">
    </testcase>
  </testsuite>
</testsuites>