TN:
SF:server.js
FN:49,(anonymous_0)
FN:54,(anonymous_1)
FN:61,startServer
FN:78,(anonymous_3)
FNF:4
FNH:0
FNDA:0,(anonymous_0)
FNDA:0,(anonymous_1)
FNDA:0,startServer
FNDA:0,(anonymous_3)
DA:1,8
DA:2,8
DA:3,8
DA:4,8
DA:5,8
DA:6,8
DA:7,8
DA:8,8
DA:9,8
DA:10,8
DA:11,8
DA:12,8
DA:14,8
DA:15,8
DA:18,8
DA:21,8
DA:24,8
DA:28,8
DA:31,8
DA:32,8
DA:35,8
DA:37,8
DA:38,8
DA:39,0
DA:41,8
DA:44,8
DA:45,8
DA:46,8
DA:49,8
DA:50,0
DA:54,8
DA:55,0
DA:62,0
DA:64,0
DA:65,0
DA:66,0
DA:67,0
DA:68,0
DA:69,0
DA:71,0
DA:75,0
DA:76,0
DA:78,0
DA:79,0
DA:80,0
DA:81,0
DA:82,0
DA:83,0
DA:86,0
DA:87,0
DA:91,8
DA:94,8
DA:95,0
LF:53
LH:31
BRDA:15,0,0,8
BRDA:15,0,1,0
BRDA:38,1,0,0
BRDA:38,1,1,8
BRDA:64,2,0,0
BRDA:64,2,1,0
BRDA:67,3,0,0
BRDA:67,3,1,0
BRDA:94,4,0,0
BRDA:94,4,1,8
BRF:10
BRH:3
end_of_record
TN:
SF:public/app.js
FN:55,(anonymous_0)
FN:69,showLoginPage
FN:75,showRegisterPage
FN:81,showTasksPage
FN:98,(anonymous_4)
FN:134,(anonymous_5)
FN:165,(anonymous_6)
FN:174,(anonymous_7)
FN:179,(anonymous_8)
FN:185,loadTasks
FN:238,buildFiltersQueryParams
FN:260,loadStats
FN:293,setStatsLoading
FN:305,setStatsError
FN:317,updateStatsValues
FN:334,updateStatsSubtitle
FN:344,displayTasks
FN:364,(anonymous_17)
FN:369,(anonymous_18)
FN:427,(anonymous_19)
FN:435,(anonymous_20)
FN:443,(anonymous_21)
FN:449,(anonymous_22)
FN:455,(anonymous_23)
FN:461,(anonymous_24)
FN:469,(anonymous_25)
FN:475,(anonymous_26)
FN:518,(anonymous_27)
FN:527,(anonymous_28)
FN:540,(anonymous_29)
FN:548,(anonymous_30)
FN:567,(anonymous_31)
FN:596,editTask
FN:597,(anonymous_33)
FN:616,toggleComplete
FN:632,deleteTask
FN:651,deleteAttachment
FN:674,setUsersLoading
FN:682,setUsersError
FN:690,loadUsers
FN:715,displayUsers
FN:734,(anonymous_41)
FN:761,openAdminUsersModal
FN:770,closeAdminUsersModal
FN:778,openUserModal
FN:780,(anonymous_45)
FN:800,closeUserModal
FN:812,deleteUserAccount
FN:839,updateUserHeader
FN:880,syncFiltersFromForm
FN:893,showError
FN:902,(anonymous_51)
FN:908,formatFileSize
FN:926,escapeHtml
FN:932,formatDueDate
FN:973,logout
FNF:56
FNH:16
FNDA:0,(anonymous_0)
FNDA:0,showLoginPage
FNDA:0,showRegisterPage
FNDA:5,showTasksPage
FNDA:7,(anonymous_4)
FNDA:0,(anonymous_5)
FNDA:0,(anonymous_6)
FNDA:0,(anonymous_7)
FNDA:0,(anonymous_8)
FNDA:5,loadTasks
FNDA:8,buildFiltersQueryParams
FNDA:4,loadStats
FNDA:3,setStatsLoading
FNDA:0,setStatsError
FNDA:3,updateStatsValues
FNDA:5,updateStatsSubtitle
FNDA:4,displayTasks
FNDA:100,(anonymous_17)
FNDA:0,(anonymous_18)
FNDA:0,(anonymous_19)
FNDA:0,(anonymous_20)
FNDA:0,(anonymous_21)
FNDA:0,(anonymous_22)
FNDA:0,(anonymous_23)
FNDA:0,(anonymous_24)
FNDA:0,(anonymous_25)
FNDA:0,(anonymous_26)
FNDA:0,(anonymous_27)
FNDA:0,(anonymous_28)
FNDA:0,(anonymous_29)
FNDA:0,(anonymous_30)
FNDA:0,(anonymous_31)
FNDA:0,editTask
FNDA:0,(anonymous_33)
FNDA:0,toggleComplete
FNDA:0,deleteTask
FNDA:0,deleteAttachment
FNDA:0,setUsersLoading
FNDA:0,setUsersError
FNDA:0,loadUsers
FNDA:0,displayUsers
FNDA:0,(anonymous_41)
FNDA:0,openAdminUsersModal
FNDA:4,closeAdminUsersModal
FNDA:0,openUserModal
FNDA:0,(anonymous_45)
FNDA:0,closeUserModal
FNDA:0,deleteUserAccount
FNDA:5,updateUserHeader
FNDA:5,syncFiltersFromForm
FNDA:2,showError
FNDA:0,(anonymous_51)
FNDA:0,formatFileSize
FNDA:100,escapeHtml
FNDA:100,formatDueDate
FNDA:0,logout
DA:2,10
DA:5,10
DA:6,10
DA:7,10
DA:8,10
DA:9,10
DA:10,10
DA:11,10
DA:12,10
DA:15,10
DA:16,10
DA:17,10
DA:18,10
DA:19,10
DA:20,10
DA:21,10
DA:22,10
DA:23,10
DA:24,10
DA:25,10
DA:26,10
DA:27,10
DA:28,10
DA:29,10
DA:30,10
DA:31,10
DA:32,10
DA:33,10
DA:34,10
DA:35,10
DA:36,10
DA:37,10
DA:38,10
DA:39,10
DA:40,10
DA:41,10
DA:42,10
DA:43,10
DA:44,10
DA:45,10
DA:46,10
DA:47,10
DA:48,10
DA:49,10
DA:50,10
DA:51,10
DA:52,10
DA:55,10
DA:56,0
DA:57,0
DA:59,0
DA:60,0
DA:61,0
DA:62,0
DA:64,0
DA:70,0
DA:71,0
DA:72,0
DA:76,0
DA:77,0
DA:78,0
DA:82,5
DA:83,5
DA:84,5
DA:86,5
DA:88,5
DA:89,5
DA:90,5
DA:93,5
DA:94,5
DA:98,10
DA:99,7
DA:100,7
DA:101,7
DA:102,7
DA:104,7
DA:105,7
DA:112,7
DA:113,5
DA:114,5
DA:115,5
DA:116,5
DA:117,5
DA:118,5
DA:120,2
DA:121,1
DA:123,1
DA:125,2
DA:128,0
DA:134,10
DA:135,0
DA:136,0
DA:137,0
DA:138,0
DA:139,0
DA:141,0
DA:142,0
DA:148,0
DA:150,0
DA:151,0
DA:152,0
DA:153,0
DA:154,0
DA:155,0
DA:157,0
DA:160,0
DA:165,10
DA:166,0
DA:167,0
DA:168,0
DA:169,0
DA:170,0
DA:174,10
DA:175,0
DA:176,0
DA:179,10
DA:180,0
DA:181,0
DA:186,5
DA:188,5
DA:189,5
DA:192,5
DA:193,5
DA:194,5
DA:196,5
DA:197,5
DA:201,5
DA:202,4
DA:204,4
DA:205,4
DA:206,4
DA:207,1
DA:208,0
DA:210,1
DA:217,1
DA:218,1
DA:219,1
DA:220,1
DA:225,0
DA:230,0
DA:231,0
DA:232,0
DA:233,0
DA:239,8
DA:241,8
DA:242,0
DA:245,8
DA:246,0
DA:249,8
DA:250,0
DA:253,8
DA:254,0
DA:257,8
DA:261,4
DA:262,1
DA:265,3
DA:267,3
DA:268,3
DA:269,0
DA:272,3
DA:273,3
DA:275,3
DA:276,3
DA:280,3
DA:281,3
DA:282,3
DA:283,0
DA:284,0
DA:286,0
DA:289,0
DA:294,3
DA:295,0
DA:298,3
DA:299,3
DA:300,3
DA:301,3
DA:302,3
DA:306,0
DA:307,0
DA:310,0
DA:311,0
DA:312,0
DA:313,0
DA:314,0
DA:318,3
DA:319,0
DA:322,3
DA:323,3
DA:324,3
DA:325,3
DA:327,3
DA:328,3
DA:329,3
DA:330,3
DA:331,3
DA:335,5
DA:336,0
DA:339,5
DA:340,5
DA:345,4
DA:347,4
DA:348,3
DA:349,3
DA:350,3
DA:351,3
DA:355,3
DA:361,3
DA:364,1
DA:365,100
DA:366,100
DA:367,100
DA:369,100
DA:370,0
DA:371,0
DA:374,0
DA:375,0
DA:379,0
DA:389,100
DA:400,100
DA:426,10
DA:427,10
DA:428,0
DA:429,0
DA:430,0
DA:434,10
DA:435,10
DA:436,0
DA:437,0
DA:438,0
DA:442,10
DA:443,10
DA:444,0
DA:448,10
DA:449,10
DA:450,0
DA:454,10
DA:455,10
DA:456,0
DA:460,10
DA:461,10
DA:462,0
DA:463,0
DA:468,10
DA:469,10
DA:470,0
DA:474,10
DA:475,10
DA:476,0
DA:478,0
DA:479,0
DA:482,0
DA:483,0
DA:484,0
DA:486,0
DA:487,0
DA:496,0
DA:498,0
DA:499,0
DA:500,0
DA:501,0
DA:502,0
DA:503,0
DA:504,0
DA:505,0
DA:507,0
DA:509,0
DA:512,0
DA:518,10
DA:519,0
DA:520,0
DA:521,0
DA:522,0
DA:523,0
DA:527,10
DA:528,0
DA:529,0
DA:530,0
DA:531,0
DA:532,0
DA:533,0
DA:534,0
DA:536,0
DA:540,10
DA:541,0
DA:542,0
DA:543,0
DA:548,10
DA:549,0
DA:550,0
DA:551,0
DA:552,0
DA:553,0
DA:555,0
DA:556,0
DA:559,0
DA:561,0
DA:562,0
DA:563,0
DA:564,0
DA:566,0
DA:567,0
DA:568,0
DA:572,0
DA:580,0
DA:581,0
DA:582,0
DA:583,0
DA:585,0
DA:587,0
DA:588,0
DA:591,0
DA:597,0
DA:599,0
DA:600,0
DA:601,0
DA:604,0
DA:605,0
DA:606,0
DA:607,0
DA:608,0
DA:609,0
DA:610,0
DA:612,0
DA:617,0
DA:618,0
DA:623,0
DA:624,0
DA:627,0
DA:633,0
DA:634,0
DA:637,0
DA:638,0
DA:643,0
DA:644,0
DA:647,0
DA:652,0
DA:653,0
DA:656,0
DA:657,0
DA:662,0
DA:663,0
DA:664,0
DA:665,0
DA:667,0
DA:670,0
DA:675,0
DA:676,0
DA:679,0
DA:683,0
DA:684,0
DA:687,0
DA:691,0
DA:692,0
DA:695,0
DA:697,0
DA:698,0
DA:702,0
DA:703,0
DA:704,0
DA:705,0
DA:706,0
DA:708,0
DA:711,0
DA:716,0
DA:717,0
DA:720,0
DA:722,0
DA:723,0
DA:729,0
DA:732,0
DA:734,0
DA:735,0
DA:736,0
DA:737,0
DA:738,0
DA:742,0
DA:762,0
DA:763,0
DA:766,0
DA:767,0
DA:771,4
DA:772,0
DA:775,4
DA:779,0
DA:780,0
DA:782,0
DA:783,0
DA:784,0
DA:787,0
DA:788,0
DA:789,0
DA:790,0
DA:791,0
DA:792,0
DA:793,0
DA:794,0
DA:797,0
DA:801,0
DA:802,0
DA:803,0
DA:805,0
DA:806,0
DA:807,0
DA:809,0
DA:813,0
DA:814,0
DA:817,0
DA:818,0
DA:823,0
DA:824,0
DA:825,0
DA:826,0
DA:828,0
DA:829,0
DA:831,0
DA:832,0
DA:835,0
DA:840,5
DA:841,1
DA:844,4
DA:845,4
DA:848,4
DA:850,4
DA:851,0
DA:852,0
DA:854,0
DA:855,0
DA:858,4
DA:859,4
DA:861,4
DA:862,4
DA:864,4
DA:865,4
DA:866,0
DA:870,4
DA:871,4
DA:874,4
DA:875,4
DA:881,5
DA:882,0
DA:885,5
DA:894,2
DA:896,2
DA:899,2
DA:900,2
DA:902,2
DA:903,0
DA:909,0
DA:911,0
DA:912,0
DA:915,0
DA:916,0
DA:919,0
DA:920,0
DA:923,0
DA:927,100
DA:928,100
DA:929,100
DA:933,100
DA:934,0
DA:937,100
DA:938,0
DA:939,0
DA:941,0
DA:944,100
DA:945,100
DA:947,100
DA:948,0
DA:951,100
DA:952,100
DA:953,100
DA:954,100
DA:957,0
DA:958,0
DA:959,0
DA:962,0
DA:965,0
DA:966,0
DA:967,0
DA:970,0
DA:974,0
DA:975,0
DA:976,0
DA:977,0
DA:978,0
DA:979,0
LF:486
LH:207
BRDA:59,0,0,0
BRDA:59,0,1,0
BRDA:59,1,0,0
BRDA:59,1,1,0
BRDA:88,2,0,5
BRDA:88,2,1,0
BRDA:112,3,0,5
BRDA:112,3,1,2
BRDA:120,4,0,1
BRDA:120,4,1,1
BRDA:150,5,0,0
BRDA:150,5,1,0
BRDA:157,6,0,0
BRDA:157,6,1,0
BRDA:186,7,0,0
BRDA:186,7,1,5
BRDA:188,8,0,5
BRDA:188,8,1,0
BRDA:194,9,0,0
BRDA:194,9,1,5
BRDA:201,10,0,4
BRDA:201,10,1,1
BRDA:204,11,0,2
BRDA:204,11,1,2
BRDA:204,12,0,0
BRDA:204,12,1,2
BRDA:207,13,0,0
BRDA:207,13,1,1
BRDA:218,14,0,1
BRDA:218,14,1,0
BRDA:231,15,0,0
BRDA:231,15,1,0
BRDA:241,16,0,0
BRDA:241,16,1,8
BRDA:241,17,0,8
BRDA:241,17,1,8
BRDA:245,18,0,0
BRDA:245,18,1,8
BRDA:249,19,0,0
BRDA:249,19,1,8
BRDA:253,20,0,0
BRDA:253,20,1,8
BRDA:261,21,0,1
BRDA:261,21,1,3
BRDA:261,22,0,4
BRDA:261,22,1,4
BRDA:268,23,0,0
BRDA:268,23,1,3
BRDA:268,24,0,3
BRDA:268,24,1,0
BRDA:273,25,0,0
BRDA:273,25,1,3
BRDA:280,26,0,3
BRDA:280,26,1,0
BRDA:283,27,0,0
BRDA:283,27,1,0
BRDA:294,28,0,0
BRDA:294,28,1,3
BRDA:306,29,0,0
BRDA:306,29,1,0
BRDA:317,30,0,0
BRDA:318,31,0,0
BRDA:318,31,1,3
BRDA:322,32,0,3
BRDA:322,32,1,3
BRDA:323,33,0,3
BRDA:323,33,1,2
BRDA:324,34,0,3
BRDA:324,34,1,2
BRDA:325,35,0,3
BRDA:325,35,1,3
BRDA:335,36,0,0
BRDA:335,36,1,5
BRDA:339,37,0,5
BRDA:339,37,1,0
BRDA:340,38,0,0
BRDA:340,38,1,5
BRDA:345,39,0,4
BRDA:345,39,1,0
BRDA:347,40,0,3
BRDA:347,40,1,1
BRDA:348,41,0,3
BRDA:348,41,1,0
BRDA:348,42,0,3
BRDA:348,42,1,3
BRDA:349,43,0,3
BRDA:349,43,1,3
BRDA:349,43,2,3
BRDA:349,43,3,3
BRDA:349,43,4,3
BRDA:350,44,0,0
BRDA:350,44,1,3
BRDA:351,45,0,0
BRDA:351,45,1,3
BRDA:367,46,0,0
BRDA:367,46,1,100
BRDA:370,47,0,0
BRDA:370,47,1,0
BRDA:371,48,0,0
BRDA:371,48,1,0
BRDA:371,49,0,0
BRDA:371,49,1,0
BRDA:374,50,0,0
BRDA:374,50,1,0
BRDA:375,51,0,0
BRDA:375,51,1,0
BRDA:389,52,0,0
BRDA:389,52,1,100
BRDA:401,53,0,0
BRDA:401,53,1,100
BRDA:407,54,0,0
BRDA:407,54,1,100
BRDA:408,55,0,0
BRDA:408,55,1,100
BRDA:410,56,0,0
BRDA:410,56,1,100
BRDA:412,57,0,100
BRDA:412,57,1,0
BRDA:415,58,0,0
BRDA:415,58,1,100
BRDA:426,59,0,10
BRDA:426,59,1,0
BRDA:434,60,0,10
BRDA:434,60,1,0
BRDA:434,61,0,10
BRDA:434,61,1,10
BRDA:442,62,0,10
BRDA:442,62,1,0
BRDA:448,63,0,10
BRDA:448,63,1,0
BRDA:454,64,0,10
BRDA:454,64,1,0
BRDA:460,65,0,10
BRDA:460,65,1,0
BRDA:462,66,0,0
BRDA:462,66,1,0
BRDA:468,67,0,10
BRDA:468,67,1,0
BRDA:474,68,0,10
BRDA:474,68,1,0
BRDA:478,69,0,0
BRDA:478,69,1,0
BRDA:498,70,0,0
BRDA:498,70,1,0
BRDA:500,71,0,0
BRDA:500,71,1,0
BRDA:500,72,0,0
BRDA:500,72,1,0
BRDA:509,73,0,0
BRDA:509,73,1,0
BRDA:520,74,0,0
BRDA:520,74,1,0
BRDA:521,75,0,0
BRDA:521,75,1,0
BRDA:533,76,0,0
BRDA:533,76,1,0
BRDA:542,77,0,0
BRDA:542,77,1,0
BRDA:556,78,0,0
BRDA:556,78,1,0
BRDA:559,79,0,0
BRDA:559,79,1,0
BRDA:566,80,0,0
BRDA:566,80,1,0
BRDA:566,81,0,0
BRDA:566,81,1,0
BRDA:580,82,0,0
BRDA:580,82,1,0
BRDA:582,83,0,0
BRDA:582,83,1,0
BRDA:588,84,0,0
BRDA:588,84,1,0
BRDA:599,85,0,0
BRDA:599,85,1,0
BRDA:607,86,0,0
BRDA:607,86,1,0
BRDA:608,87,0,0
BRDA:608,87,1,0
BRDA:609,88,0,0
BRDA:609,88,1,0
BRDA:623,89,0,0
BRDA:623,89,1,0
BRDA:633,90,0,0
BRDA:633,90,1,0
BRDA:643,91,0,0
BRDA:643,91,1,0
BRDA:652,92,0,0
BRDA:652,92,1,0
BRDA:662,93,0,0
BRDA:662,93,1,0
BRDA:664,94,0,0
BRDA:664,94,1,0
BRDA:675,95,0,0
BRDA:675,95,1,0
BRDA:683,96,0,0
BRDA:683,96,1,0
BRDA:691,97,0,0
BRDA:691,97,1,0
BRDA:691,98,0,0
BRDA:691,98,1,0
BRDA:702,99,0,0
BRDA:702,99,1,0
BRDA:705,100,0,0
BRDA:705,100,1,0
BRDA:716,101,0,0
BRDA:716,101,1,0
BRDA:720,102,0,0
BRDA:720,102,1,0
BRDA:722,103,0,0
BRDA:722,103,1,0
BRDA:736,104,0,0
BRDA:736,104,1,0
BRDA:737,105,0,0
BRDA:737,105,1,0
BRDA:738,106,0,0
BRDA:738,106,1,0
BRDA:748,107,0,0
BRDA:748,107,1,0
BRDA:749,108,0,0
BRDA:749,108,1,0
BRDA:762,109,0,0
BRDA:762,109,1,0
BRDA:762,110,0,0
BRDA:762,110,1,0
BRDA:771,111,0,0
BRDA:771,111,1,4
BRDA:782,112,0,0
BRDA:782,112,1,0
BRDA:788,113,0,0
BRDA:788,113,1,0
BRDA:789,114,0,0
BRDA:789,114,1,0
BRDA:790,115,0,0
BRDA:790,115,1,0
BRDA:792,116,0,0
BRDA:792,116,1,0
BRDA:802,117,0,0
BRDA:802,117,1,0
BRDA:805,118,0,0
BRDA:805,118,1,0
BRDA:813,119,0,0
BRDA:813,119,1,0
BRDA:823,120,0,0
BRDA:823,120,1,0
BRDA:825,121,0,0
BRDA:825,121,1,0
BRDA:828,122,0,0
BRDA:828,122,1,0
BRDA:832,123,0,0
BRDA:832,123,1,0
BRDA:840,124,0,1
BRDA:840,124,1,4
BRDA:844,125,0,4
BRDA:844,125,1,0
BRDA:845,126,0,0
BRDA:845,126,1,4
BRDA:850,127,0,0
BRDA:850,127,1,4
BRDA:851,128,0,0
BRDA:851,128,1,0
BRDA:854,129,0,0
BRDA:854,129,1,0
BRDA:858,130,0,4
BRDA:858,130,1,0
BRDA:861,131,0,4
BRDA:861,131,1,0
BRDA:865,132,0,0
BRDA:865,132,1,4
BRDA:870,133,0,4
BRDA:870,133,1,0
BRDA:871,134,0,0
BRDA:871,134,1,4
BRDA:874,135,0,4
BRDA:874,135,1,0
BRDA:875,136,0,0
BRDA:875,136,1,4
BRDA:875,137,0,4
BRDA:875,137,1,0
BRDA:881,138,0,0
BRDA:881,138,1,5
BRDA:894,139,0,0
BRDA:894,139,1,2
BRDA:911,140,0,0
BRDA:911,140,1,0
BRDA:911,141,0,0
BRDA:911,141,1,0
BRDA:915,142,0,0
BRDA:915,142,1,0
BRDA:919,143,0,0
BRDA:919,143,1,0
BRDA:933,144,0,0
BRDA:933,144,1,100
BRDA:933,145,0,100
BRDA:933,145,1,0
BRDA:937,146,0,0
BRDA:937,146,1,100
BRDA:938,147,0,0
BRDA:938,147,1,0
BRDA:944,148,0,100
BRDA:944,148,1,0
BRDA:947,149,0,0
BRDA:947,149,1,100
BRDA:952,150,0,100
BRDA:952,150,1,0
BRDA:958,151,0,0
BRDA:958,151,1,0
BRDA:966,152,0,0
BRDA:966,152,1,0
BRF:308
BRH:95
end_of_record
TN:
SF:src/seed.js
FN:4,seedAdmin
FN:5,(anonymous_1)
FN:7,(anonymous_2)
FN:23,(anonymous_3)
FNF:4
FNH:4
FNDA:16,seedAdmin
FNDA:16,(anonymous_1)
FNDA:16,(anonymous_2)
FNDA:16,(anonymous_3)
DA:1,16
DA:2,16
DA:5,16
DA:7,16
DA:8,16
DA:9,0
DA:10,0
DA:13,16
DA:14,0
DA:15,0
DA:16,0
DA:20,16
DA:21,16
DA:23,16
DA:24,16
DA:25,0
DA:27,16
DA:28,16
DA:35,16
LF:19
LH:13
BRDA:8,0,0,0
BRDA:8,0,1,16
BRDA:13,1,0,0
BRDA:13,1,1,16
BRDA:24,2,0,0
BRDA:24,2,1,16
BRF:6
BRH:3
end_of_record
TN:
SF:src/config/database.js
FN:7,(anonymous_0)
FN:19,(anonymous_1)
FN:20,(anonymous_2)
FN:21,(anonymous_3)
FN:32,(anonymous_4)
FN:53,(anonymous_5)
FN:74,(anonymous_6)
FNF:7
FNH:7
FNDA:17,(anonymous_0)
FNDA:17,(anonymous_1)
FNDA:17,(anonymous_2)
FNDA:17,(anonymous_3)
FNDA:17,(anonymous_4)
FNDA:17,(anonymous_5)
FNDA:17,(anonymous_6)
DA:1,17
DA:2,17
DA:4,17
DA:7,17
DA:8,17
DA:9,0
DA:11,17
DA:16,17
DA:19,17
DA:20,17
DA:21,17
DA:23,17
DA:33,17
DA:34,0
DA:36,17
DA:41,17
DA:54,17
DA:55,0
DA:56,0
DA:57,0
DA:60,17
DA:62,17
DA:75,17
DA:76,0
DA:77,0
DA:79,17
DA:80,17
DA:88,17
LF:28
LH:21
BRDA:4,0,0,17
BRDA:4,0,1,0
BRDA:8,1,0,0
BRDA:8,1,1,17
BRDA:33,2,0,0
BRDA:33,2,1,17
BRDA:54,3,0,0
BRDA:54,3,1,17
BRDA:75,4,0,0
BRDA:75,4,1,17
BRF:10
BRH:5
end_of_record
TN:
SF:src/middleware/auth.js
FN:3,(anonymous_0)
FN:21,(anonymous_1)
FNF:2
FNH:2
FNDA:87,(anonymous_0)
FNDA:25,(anonymous_1)
DA:1,9
DA:3,9
DA:4,87
DA:5,87
DA:7,87
DA:8,8
DA:11,79
DA:13,79
DA:14,78
DA:15,78
DA:17,1
DA:21,9
DA:22,25
DA:23,4
DA:25,21
DA:28,9
LF:16
LH:16
BRDA:7,0,0,8
BRDA:7,0,1,79
BRDA:7,1,0,87
BRDA:7,1,1,79
BRDA:22,2,0,4
BRDA:22,2,1,21
BRF:6
BRH:6
end_of_record
TN:
SF:src/models/Task.js
FN:8,(anonymous_0)
FN:37,(anonymous_1)
FN:46,(anonymous_2)
FN:68,(anonymous_3)
FN:69,(anonymous_4)
FN:75,(anonymous_5)
FN:83,(anonymous_6)
FN:88,(anonymous_7)
FN:103,(anonymous_8)
FN:105,(anonymous_9)
FN:109,(anonymous_10)
FN:115,(anonymous_11)
FN:116,(anonymous_12)
FN:118,(anonymous_13)
FN:119,(anonymous_14)
FN:127,(anonymous_15)
FN:132,(anonymous_16)
FN:133,(anonymous_17)
FN:140,(anonymous_18)
FN:141,(anonymous_19)
FN:148,(anonymous_20)
FN:158,(anonymous_21)
FN:174,(anonymous_22)
FN:184,(anonymous_23)
FN:185,(anonymous_24)
FN:187,(anonymous_25)
FN:205,(anonymous_26)
FN:206,(anonymous_27)
FN:216,(anonymous_28)
FN:231,(anonymous_29)
FN:232,(anonymous_30)
FN:246,(anonymous_31)
FN:261,(anonymous_32)
FN:262,(anonymous_33)
FN:273,(anonymous_34)
FN:283,(anonymous_35)
FN:284,(anonymous_36)
FN:297,(anonymous_37)
FN:307,(anonymous_38)
FN:308,(anonymous_39)
FN:310,(anonymous_40)
FN:330,(anonymous_41)
FN:331,(anonymous_42)
FN:337,(anonymous_43)
FN:347,(anonymous_44)
FN:348,(anonymous_45)
FN:354,(anonymous_46)
FN:364,(anonymous_47)
FN:365,(anonymous_48)
FN:367,(anonymous_49)
FN:371,(anonymous_50)
FN:375,(anonymous_51)
FN:376,(anonymous_52)
FN:377,(anonymous_53)
FN:388,(anonymous_54)
FN:390,(anonymous_55)
FN:391,(anonymous_56)
FN:397,(anonymous_57)
FN:398,(anonymous_58)
FN:405,(anonymous_59)
FN:416,(anonymous_60)
FN:422,(anonymous_61)
FN:424,(anonymous_62)
FN:425,(anonymous_63)
FN:435,(anonymous_64)
FN:449,(anonymous_65)
FN:451,(anonymous_66)
FN:455,(anonymous_67)
FNF:68
FNH:63
FNDA:30,(anonymous_0)
FNDA:12,(anonymous_1)
FNDA:12,(anonymous_2)
FNDA:61,(anonymous_3)
FNDA:61,(anonymous_4)
FNDA:43,(anonymous_5)
FNDA:43,(anonymous_6)
FNDA:10,(anonymous_7)
FNDA:54,(anonymous_8)
FNDA:36,(anonymous_9)
FNDA:36,(anonymous_10)
FNDA:5,(anonymous_11)
FNDA:5,(anonymous_12)
FNDA:2,(anonymous_13)
FNDA:2,(anonymous_14)
FNDA:2,(anonymous_15)
FNDA:0,(anonymous_16)
FNDA:0,(anonymous_17)
FNDA:2,(anonymous_18)
FNDA:2,(anonymous_19)
FNDA:2,(anonymous_20)
FNDA:1,(anonymous_21)
FNDA:11,(anonymous_22)
FNDA:24,(anonymous_23)
FNDA:24,(anonymous_24)
FNDA:24,(anonymous_25)
FNDA:14,(anonymous_26)
FNDA:14,(anonymous_27)
FNDA:14,(anonymous_28)
FNDA:5,(anonymous_29)
FNDA:5,(anonymous_30)
FNDA:5,(anonymous_31)
FNDA:7,(anonymous_32)
FNDA:7,(anonymous_33)
FNDA:7,(anonymous_34)
FNDA:4,(anonymous_35)
FNDA:4,(anonymous_36)
FNDA:4,(anonymous_37)
FNDA:47,(anonymous_38)
FNDA:47,(anonymous_39)
FNDA:47,(anonymous_40)
FNDA:5,(anonymous_41)
FNDA:5,(anonymous_42)
FNDA:5,(anonymous_43)
FNDA:4,(anonymous_44)
FNDA:4,(anonymous_45)
FNDA:4,(anonymous_46)
FNDA:2,(anonymous_47)
FNDA:2,(anonymous_48)
FNDA:2,(anonymous_49)
FNDA:2,(anonymous_50)
FNDA:0,(anonymous_51)
FNDA:2,(anonymous_52)
FNDA:0,(anonymous_53)
FNDA:1,(anonymous_54)
FNDA:4,(anonymous_55)
FNDA:4,(anonymous_56)
FNDA:4,(anonymous_57)
FNDA:4,(anonymous_58)
FNDA:4,(anonymous_59)
FNDA:4,(anonymous_60)
FNDA:1,(anonymous_61)
FNDA:1,(anonymous_62)
FNDA:1,(anonymous_63)
FNDA:1,(anonymous_64)
FNDA:2,(anonymous_65)
FNDA:1,(anonymous_66)
FNDA:0,(anonymous_67)
DA:1,8
DA:2,8
DA:3,8
DA:5,8
DA:6,8
DA:8,8
DA:9,30
DA:10,30
DA:12,30
DA:13,8
DA:14,22
DA:15,3
DA:18,30
DA:19,7
DA:20,7
DA:23,30
DA:24,5
DA:25,5
DA:28,30
DA:29,8
DA:30,8
DA:31,8
DA:34,30
DA:37,8
DA:38,12
DA:39,0
DA:42,12
DA:43,12
DA:46,8
DA:47,12
DA:48,0
DA:51,12
DA:60,12
DA:61,2
DA:62,2
DA:65,12
DA:68,8
DA:69,61
DA:70,61
DA:71,18
DA:72,18
DA:75,43
DA:76,43
DA:83,43
DA:84,43
DA:85,0
DA:87,43
DA:88,43
DA:89,10
DA:90,10
DA:91,10
DA:93,10
DA:94,10
DA:97,43
DA:103,8
DA:104,54
DA:105,54
DA:107,54
DA:109,54
DA:115,8
DA:116,5
DA:118,8
DA:119,2
DA:120,2
DA:127,2
DA:128,2
DA:129,0
DA:131,2
DA:132,0
DA:133,0
DA:134,2
DA:140,8
DA:141,2
DA:142,2
DA:148,2
DA:149,2
DA:150,0
DA:152,2
DA:158,8
DA:159,1
DA:160,0
DA:163,1
DA:165,1
DA:166,1
DA:168,0
DA:169,0
DA:174,8
DA:175,11
DA:176,11
DA:177,11
DA:178,11
DA:180,11
DA:183,8
DA:185,24
DA:186,24
DA:187,24
DA:188,24
DA:189,0
DA:191,24
DA:206,14
DA:207,14
DA:208,14
DA:210,14
DA:211,13
DA:214,14
DA:216,14
DA:217,14
DA:218,0
DA:220,14
DA:221,14
DA:222,14
DA:224,0
DA:232,5
DA:233,5
DA:234,5
DA:240,5
DA:241,4
DA:244,5
DA:246,5
DA:247,5
DA:248,0
DA:250,5
DA:251,5
DA:252,5
DA:254,0
DA:262,7
DA:263,7
DA:264,7
DA:265,7
DA:273,7
DA:274,7
DA:275,0
DA:277,7
DA:284,4
DA:285,4
DA:286,4
DA:293,4
DA:294,2
DA:297,4
DA:298,4
DA:299,0
DA:301,4
DA:308,47
DA:309,47
DA:310,47
DA:311,47
DA:312,0
DA:314,47
DA:315,12
DA:316,12
DA:319,35
DA:320,35
DA:321,35
DA:323,0
DA:331,5
DA:332,5
DA:337,5
DA:338,5
DA:339,0
DA:341,5
DA:348,4
DA:349,4
DA:354,4
DA:355,4
DA:356,0
DA:358,4
DA:365,2
DA:366,2
DA:368,2
DA:369,2
DA:371,2
DA:372,2
DA:373,0
DA:375,2
DA:376,2
DA:378,0
DA:379,0
DA:388,1
DA:391,4
DA:392,4
DA:393,0
DA:394,0
DA:397,4
DA:398,4
DA:399,4
DA:400,4
DA:405,4
DA:406,4
DA:407,0
DA:409,4
DA:415,4
DA:416,4
DA:422,1
DA:425,1
DA:426,1
DA:427,1
DA:429,1
DA:430,0
DA:431,0
DA:434,1
DA:435,1
DA:436,1
DA:437,0
DA:439,1
DA:440,1
DA:444,0
DA:449,2
DA:452,1
DA:454,1
DA:456,0
DA:457,0
DA:459,0
DA:466,8
LF:213
LH:179
BRDA:8,0,0,0
BRDA:8,1,0,30
BRDA:12,2,0,8
BRDA:12,2,1,22
BRDA:14,3,0,3
BRDA:14,3,1,19
BRDA:18,4,0,7
BRDA:18,4,1,23
BRDA:23,5,0,5
BRDA:23,5,1,25
BRDA:28,6,0,8
BRDA:28,6,1,22
BRDA:37,7,0,0
BRDA:38,8,0,0
BRDA:38,8,1,12
BRDA:46,9,0,0
BRDA:46,10,0,10
BRDA:47,11,0,0
BRDA:47,11,1,12
BRDA:60,12,0,2
BRDA:60,12,1,10
BRDA:68,13,0,0
BRDA:68,14,0,0
BRDA:70,15,0,18
BRDA:70,15,1,43
BRDA:70,16,0,61
BRDA:70,16,1,61
BRDA:84,17,0,0
BRDA:84,17,1,43
BRDA:88,18,0,43
BRDA:88,18,1,0
BRDA:90,19,0,10
BRDA:90,19,1,0
BRDA:93,20,0,10
BRDA:93,20,1,0
BRDA:103,21,0,0
BRDA:103,22,0,54
BRDA:104,23,0,54
BRDA:104,23,1,0
BRDA:111,24,0,36
BRDA:111,24,1,30
BRDA:115,25,0,4
BRDA:116,26,0,5
BRDA:116,26,1,1
BRDA:128,27,0,0
BRDA:128,27,1,2
BRDA:131,28,0,2
BRDA:131,28,1,0
BRDA:132,29,0,0
BRDA:132,29,1,0
BRDA:132,30,0,0
BRDA:132,30,1,0
BRDA:140,31,0,0
BRDA:149,32,0,0
BRDA:149,32,1,2
BRDA:152,33,0,2
BRDA:152,33,1,0
BRDA:159,34,0,0
BRDA:159,34,1,1
BRDA:168,35,0,0
BRDA:168,35,1,0
BRDA:174,36,0,0
BRDA:175,37,0,11
BRDA:175,37,1,10
BRDA:176,38,0,11
BRDA:176,38,1,10
BRDA:178,39,0,1
BRDA:178,39,1,10
BRDA:188,40,0,0
BRDA:188,40,1,24
BRDA:205,41,0,0
BRDA:210,42,0,13
BRDA:210,42,1,1
BRDA:217,43,0,0
BRDA:217,43,1,14
BRDA:221,44,0,14
BRDA:221,44,1,0
BRDA:231,45,0,0
BRDA:240,46,0,4
BRDA:240,46,1,1
BRDA:247,47,0,0
BRDA:247,47,1,5
BRDA:251,48,0,5
BRDA:251,48,1,0
BRDA:261,49,0,1
BRDA:274,50,0,0
BRDA:274,50,1,7
BRDA:283,51,0,1
BRDA:293,52,0,2
BRDA:293,52,1,2
BRDA:298,53,0,0
BRDA:298,53,1,4
BRDA:311,54,0,0
BRDA:311,54,1,47
BRDA:314,55,0,12
BRDA:314,55,1,35
BRDA:321,56,0,35
BRDA:321,56,1,0
BRDA:338,57,0,0
BRDA:338,57,1,5
BRDA:355,58,0,0
BRDA:355,58,1,4
BRDA:368,59,0,2
BRDA:368,59,1,2
BRDA:372,60,0,0
BRDA:372,60,1,2
BRDA:388,61,0,1
BRDA:390,62,0,0
BRDA:392,63,0,0
BRDA:392,63,1,4
BRDA:392,64,0,4
BRDA:392,64,1,4
BRDA:406,65,0,0
BRDA:406,65,1,4
BRDA:422,66,0,0
BRDA:429,67,0,0
BRDA:429,67,1,1
BRDA:436,68,0,0
BRDA:436,68,1,1
BRDA:451,69,0,0
BRDA:452,70,0,1
BRDA:452,70,1,0
BRF:122
BRH:74
end_of_record
TN:
SF:src/models/User.js
FN:3,(anonymous_0)
FN:12,(anonymous_1)
FN:13,(anonymous_2)
FN:15,(anonymous_3)
FN:25,(anonymous_4)
FN:26,(anonymous_5)
FN:28,(anonymous_6)
FN:38,(anonymous_7)
FN:39,(anonymous_8)
FN:41,(anonymous_9)
FN:51,(anonymous_10)
FN:52,(anonymous_11)
FN:54,(anonymous_12)
FN:64,(anonymous_13)
FN:65,(anonymous_14)
FN:67,(anonymous_15)
FN:77,(anonymous_16)
FN:78,(anonymous_17)
FN:109,(anonymous_18)
FN:116,(anonymous_19)
FN:128,(anonymous_20)
FN:129,(anonymous_21)
FN:131,(anonymous_22)
FNF:23
FNH:23
FNDA:45,(anonymous_0)
FNDA:34,(anonymous_1)
FNDA:34,(anonymous_2)
FNDA:34,(anonymous_3)
FNDA:41,(anonymous_4)
FNDA:41,(anonymous_5)
FNDA:41,(anonymous_6)
FNDA:22,(anonymous_7)
FNDA:22,(anonymous_8)
FNDA:22,(anonymous_9)
FNDA:13,(anonymous_10)
FNDA:13,(anonymous_11)
FNDA:13,(anonymous_12)
FNDA:3,(anonymous_13)
FNDA:3,(anonymous_14)
FNDA:3,(anonymous_15)
FNDA:15,(anonymous_16)
FNDA:15,(anonymous_17)
FNDA:11,(anonymous_18)
FNDA:10,(anonymous_19)
FNDA:4,(anonymous_20)
FNDA:4,(anonymous_21)
FNDA:4,(anonymous_22)
DA:1,9
DA:3,9
DA:4,45
DA:5,29
DA:8,16
DA:11,9
DA:13,34
DA:14,34
DA:15,34
DA:16,34
DA:17,0
DA:19,34
DA:26,41
DA:27,41
DA:28,41
DA:29,41
DA:30,0
DA:32,41
DA:39,22
DA:40,22
DA:41,22
DA:42,22
DA:43,0
DA:45,22
DA:52,13
DA:53,13
DA:54,13
DA:55,13
DA:56,0
DA:58,13
DA:65,3
DA:66,3
DA:67,3
DA:68,3
DA:69,0
DA:71,3
DA:78,15
DA:79,15
DA:80,15
DA:81,15
DA:83,15
DA:84,15
DA:85,15
DA:87,15
DA:88,6
DA:89,6
DA:92,15
DA:93,3
DA:94,3
DA:97,15
DA:98,4
DA:99,4
DA:102,15
DA:103,4
DA:104,4
DA:107,11
DA:109,11
DA:110,11
DA:111,1
DA:112,1
DA:115,10
DA:117,10
DA:118,1
DA:119,1
DA:121,9
DA:129,4
DA:130,4
DA:131,4
DA:132,4
DA:133,0
DA:135,4
DA:142,9
LF:72
LH:66
BRDA:4,0,0,29
BRDA:4,0,1,16
BRDA:12,1,0,33
BRDA:16,2,0,0
BRDA:16,2,1,34
BRDA:29,3,0,0
BRDA:29,3,1,41
BRDA:42,4,0,0
BRDA:42,4,1,22
BRDA:55,5,0,0
BRDA:55,5,1,13
BRDA:68,6,0,0
BRDA:68,6,1,3
BRDA:71,7,0,3
BRDA:71,7,1,0
BRDA:77,8,0,0
BRDA:87,9,0,6
BRDA:87,9,1,9
BRDA:92,10,0,3
BRDA:92,10,1,12
BRDA:97,11,0,4
BRDA:97,11,1,11
BRDA:97,12,0,15
BRDA:97,12,1,5
BRDA:102,13,0,4
BRDA:102,13,1,11
BRDA:110,14,0,1
BRDA:110,14,1,10
BRDA:117,15,0,1
BRDA:117,15,1,9
BRDA:132,16,0,0
BRDA:132,16,1,4
BRF:32
BRH:24
end_of_record
TN:
SF:src/routes/auth.js
FN:9,(anonymous_0)
FN:63,(anonymous_1)
FNF:2
FNH:2
FNDA:25,(anonymous_0)
FNDA:20,(anonymous_1)
DA:1,8
DA:2,8
DA:3,8
DA:4,8
DA:6,8
DA:9,8
DA:10,25
DA:11,25
DA:14,25
DA:15,3
DA:18,22
DA:19,1
DA:23,21
DA:24,21
DA:25,1
DA:28,20
DA:29,20
DA:30,1
DA:34,19
DA:37,19
DA:40,19
DA:46,19
DA:57,0
DA:58,0
DA:63,8
DA:64,20
DA:65,20
DA:68,20
DA:69,2
DA:73,18
DA:74,18
DA:75,1
DA:79,17
DA:80,17
DA:81,1
DA:85,16
DA:91,16
DA:102,0
DA:103,0
DA:107,8
LF:40
LH:36
BRDA:14,0,0,3
BRDA:14,0,1,22
BRDA:14,1,0,25
BRDA:14,1,1,24
BRDA:14,1,2,23
BRDA:18,2,0,1
BRDA:18,2,1,21
BRDA:24,3,0,1
BRDA:24,3,1,20
BRDA:29,4,0,1
BRDA:29,4,1,19
BRDA:68,5,0,2
BRDA:68,5,1,18
BRDA:68,6,0,20
BRDA:68,6,1,19
BRDA:74,7,0,1
BRDA:74,7,1,17
BRDA:80,8,0,1
BRDA:80,8,1,16
BRF:19
BRH:19
end_of_record
TN:
SF:src/routes/tasks.js
FN:16,(anonymous_0)
FN:19,(anonymous_1)
FN:35,(anonymous_2)
FN:67,(anonymous_3)
FN:79,(anonymous_4)
FN:91,(anonymous_5)
FN:108,(anonymous_6)
FN:132,(anonymous_7)
FN:163,(anonymous_8)
FN:187,(anonymous_9)
FN:210,(anonymous_10)
FNF:11
FNH:11
FNDA:4,(anonymous_0)
FNDA:4,(anonymous_1)
FNDA:15,(anonymous_2)
FNDA:7,(anonymous_3)
FNDA:3,(anonymous_4)
FNDA:5,(anonymous_5)
FNDA:18,(anonymous_6)
FNDA:10,(anonymous_7)
FNDA:4,(anonymous_8)
FNDA:4,(anonymous_9)
FNDA:4,(anonymous_10)
DA:1,8
DA:2,8
DA:3,8
DA:4,8
DA:5,8
DA:6,8
DA:8,8
DA:10,8
DA:11,8
DA:12,0
DA:15,8
DA:17,4
DA:20,4
DA:21,4
DA:22,4
DA:23,4
DA:27,8
DA:35,8
DA:36,15
DA:38,15
DA:39,5
DA:40,5
DA:41,5
DA:45,15
DA:46,3
DA:49,15
DA:50,2
DA:53,15
DA:54,4
DA:55,4
DA:56,4
DA:60,15
DA:64,8
DA:67,8
DA:68,7
DA:69,7
DA:70,7
DA:71,7
DA:73,0
DA:74,0
DA:79,8
DA:80,3
DA:81,3
DA:82,3
DA:83,3
DA:85,0
DA:86,0
DA:91,8
DA:92,5
DA:93,5
DA:94,5
DA:96,5
DA:100,5
DA:102,0
DA:103,0
DA:108,8
DA:109,18
DA:110,18
DA:112,18
DA:113,2
DA:116,16
DA:117,16
DA:119,16
DA:120,3
DA:123,16
DA:124,16
DA:126,0
DA:127,0
DA:132,8
DA:133,10
DA:134,10
DA:135,10
DA:138,10
DA:139,10
DA:140,3
DA:143,7
DA:144,2
DA:147,5
DA:149,4
DA:150,4
DA:151,1
DA:154,4
DA:155,4
DA:157,1
DA:158,1
DA:163,8
DA:164,4
DA:165,4
DA:168,4
DA:169,4
DA:170,3
DA:173,1
DA:174,0
DA:177,1
DA:178,1
DA:179,1
DA:181,0
DA:182,0
DA:187,8
DA:188,4
DA:189,4
DA:192,4
DA:193,4
DA:194,3
DA:197,1
DA:198,0
DA:201,1
DA:202,1
DA:204,0
DA:205,0
DA:210,8
DA:211,4
DA:212,4
DA:214,4
DA:215,4
DA:216,2
DA:219,2
DA:220,1
DA:223,1
DA:225,1
DA:226,0
DA:229,1
DA:230,1
DA:232,1
DA:234,0
DA:235,0
DA:239,8
LF:127
LH:109
BRDA:11,0,0,0
BRDA:11,0,1,8
BRDA:38,1,0,5
BRDA:38,1,1,10
BRDA:40,2,0,5
BRDA:40,2,1,0
BRDA:40,3,0,5
BRDA:40,3,1,1
BRDA:45,4,0,3
BRDA:45,4,1,12
BRDA:49,5,0,2
BRDA:49,5,1,13
BRDA:53,6,0,4
BRDA:53,6,1,11
BRDA:55,7,0,4
BRDA:55,7,1,0
BRDA:94,8,0,5
BRDA:94,8,1,4
BRDA:96,9,0,1
BRDA:96,9,1,4
BRDA:96,10,0,5
BRDA:96,10,1,1
BRDA:112,11,0,2
BRDA:112,11,1,16
BRDA:116,12,0,16
BRDA:116,12,1,0
BRDA:119,13,0,3
BRDA:119,13,1,13
BRDA:139,14,0,3
BRDA:139,14,1,7
BRDA:143,15,0,2
BRDA:143,15,1,5
BRDA:149,16,0,4
BRDA:149,16,1,3
BRDA:150,17,0,1
BRDA:150,17,1,3
BRDA:169,18,0,3
BRDA:169,18,1,1
BRDA:173,19,0,0
BRDA:173,19,1,1
BRDA:193,20,0,3
BRDA:193,20,1,1
BRDA:197,21,0,0
BRDA:197,21,1,1
BRDA:215,22,0,2
BRDA:215,22,1,2
BRDA:219,23,0,1
BRDA:219,23,1,1
BRDA:225,24,0,0
BRDA:225,24,1,1
BRDA:225,25,0,1
BRDA:225,25,1,1
BRF:52
BRH:45
end_of_record
TN:
SF:src/routes/users.js
FN:10,(anonymous_0)
FN:20,(anonymous_1)
FN:75,(anonymous_2)
FNF:3
FNH:3
FNDA:2,(anonymous_0)
FNDA:11,(anonymous_1)
FNDA:4,(anonymous_2)
DA:1,8
DA:2,8
DA:3,8
DA:4,8
DA:6,8
DA:8,8
DA:10,8
DA:11,2
DA:12,2
DA:13,2
DA:15,0
DA:16,0
DA:20,8
DA:21,11
DA:23,11
DA:24,1
DA:27,10
DA:28,10
DA:30,10
DA:31,1
DA:34,9
DA:35,1
DA:38,8
DA:39,1
DA:42,7
DA:43,1
DA:46,6
DA:47,6
DA:49,5
DA:50,1
DA:53,4
DA:55,1
DA:57,1
DA:58,1
DA:60,1
DA:61,1
DA:62,1
DA:63,0
DA:64,0
DA:68,1
DA:71,0
DA:75,8
DA:76,4
DA:78,4
DA:79,1
DA:82,3
DA:83,1
DA:86,2
DA:87,2
DA:88,2
DA:90,2
DA:91,1
DA:94,1
DA:96,1
DA:98,0
DA:99,0
DA:103,8
LF:57
LH:50
BRDA:23,0,0,1
BRDA:23,0,1,10
BRDA:23,1,0,11
BRDA:23,1,1,10
BRDA:27,2,0,10
BRDA:27,2,1,0
BRDA:30,3,0,1
BRDA:30,3,1,9
BRDA:30,4,0,10
BRDA:30,4,1,4
BRDA:34,5,0,1
BRDA:34,5,1,8
BRDA:34,6,0,9
BRDA:34,6,1,2
BRDA:38,7,0,1
BRDA:38,7,1,7
BRDA:38,8,0,8
BRDA:38,8,1,5
BRDA:38,8,2,4
BRDA:42,9,0,1
BRDA:42,9,1,6
BRDA:42,10,0,7
BRDA:42,10,1,3
BRDA:49,11,0,1
BRDA:49,11,1,4
BRDA:57,12,0,1
BRDA:57,12,1,0
BRDA:57,13,0,1
BRDA:57,13,1,1
BRDA:60,14,0,1
BRDA:60,14,1,0
BRDA:61,15,0,1
BRDA:61,15,1,0
BRDA:63,16,0,0
BRDA:63,16,1,0
BRDA:78,17,0,1
BRDA:78,17,1,3
BRDA:78,18,0,4
BRDA:78,18,1,3
BRDA:82,19,0,1
BRDA:82,19,1,2
BRDA:90,20,0,1
BRDA:90,20,1,1
BRDA:90,21,0,2
BRDA:90,21,1,2
BRF:45
BRH:39
end_of_record
